<!DOCTYPE html>

<html>
  <head>
  <meta charset='utf-8'>
  <title>TestNG reports</title>

    <link type="text/css" href="testng-reports1.css" rel="stylesheet" id="ultra" />
    <link type="text/css" href="testng-reports.css" rel="stylesheet" id="retro" disabled="false"/>
    <script type="text/javascript" src="jquery.min.js"></script>
    <script type="text/javascript" src="testng-reports.js"></script>
    <script type="text/javascript" src="https://www.google.com/jsapi"></script>
    <script type='text/javascript'>
      google.load('visualization', '1', {packages:['table']});
      google.setOnLoadCallback(drawTable);
      var suiteTableInitFunctions = new Array();
      var suiteTableData = new Array();
    </script>
    <!--
      <script type="text/javascript" src="jquery-ui/js/jquery-ui-1.8.16.custom.min.js"></script>
     -->
  </head>

  <body>
    <div class="top-banner-root">
      <span class="top-banner-title-font">Test results</span>
      <button id="button" class="button">Switch Retro Theme</button> <!-- button -->
      <br/>
      <span class="top-banner-font-1">1 suite, 3 failed tests</span>
    </div> <!-- top-banner-root -->
    <div class="navigator-root">
      <div class="navigator-suite-header">
        <span>All suites</span>
        <a href="#" title="Collapse/expand all the suites" class="collapse-all-link">
          <img src="collapseall.gif" class="collapse-all-icon">
          </img> <!-- collapse-all-icon -->
        </a> <!-- collapse-all-link -->
      </div> <!-- navigator-suite-header -->
      <div class="suite">
        <div class="rounded-window">
          <div class="suite-header light-rounded-window-top">
            <a href="#" panel-name="suite-PaytmSuite" class="navigator-link">
              <span class="suite-name border-failed">PaytmSuite</span>
            </a> <!-- navigator-link -->
          </div> <!-- suite-header light-rounded-window-top -->
          <div class="navigator-suite-content">
            <div class="suite-section-title">
              <span>Info</span>
            </div> <!-- suite-section-title -->
            <div class="suite-section-content">
              <ul>
                <li>
                  <a href="#" panel-name="test-xml-PaytmSuite" class="navigator-link ">
                    <span>C:\Users\91775\eclipse-workspace\PAYTM\Paytmtestng.xml</span>
                  </a> <!-- navigator-link  -->
                </li>
                <li>
                  <a href="#" panel-name="testlist-PaytmSuite" class="navigator-link ">
                    <span class="test-stats">1 test</span>
                  </a> <!-- navigator-link  -->
                </li>
                <li>
                  <a href="#" panel-name="group-PaytmSuite" class="navigator-link ">
                    <span>0 groups</span>
                  </a> <!-- navigator-link  -->
                </li>
                <li>
                  <a href="#" panel-name="times-PaytmSuite" class="navigator-link ">
                    <span>Times</span>
                  </a> <!-- navigator-link  -->
                </li>
                <li>
                  <a href="#" panel-name="reporter-PaytmSuite" class="navigator-link ">
                    <span>Reporter output</span>
                  </a> <!-- navigator-link  -->
                </li>
                <li>
                  <a href="#" panel-name="ignored-methods-PaytmSuite" class="navigator-link ">
                    <span>Ignored methods</span>
                  </a> <!-- navigator-link  -->
                </li>
                <li>
                  <a href="#" panel-name="chronological-PaytmSuite" class="navigator-link ">
                    <span>Chronological view</span>
                  </a> <!-- navigator-link  -->
                </li>
              </ul>
            </div> <!-- suite-section-content -->
            <div class="result-section">
              <div class="suite-section-title">
                <span>Results</span>
              </div> <!-- suite-section-title -->
              <div class="suite-section-content">
                <ul>
                  <li>
                    <span class="method-stats">3 methods, 3 failed,   </span>
                  </li>
                  <li>
                    <span class="method-list-title failed">Failed methods</span>
                    <span class="show-or-hide-methods failed">
                      <a href="#" panel-name="suite-PaytmSuite" class="hide-methods failed suite-PaytmSuite"> (hide)</a> <!-- hide-methods failed suite-PaytmSuite -->
                      <a href="#" panel-name="suite-PaytmSuite" class="show-methods failed suite-PaytmSuite"> (show)</a> <!-- show-methods failed suite-PaytmSuite -->
                    </span>
                    <div class="method-list-content failed suite-PaytmSuite">
                      <span>
                        <img src="failed.png" width="3%"/>
                        <a href="#" panel-name="suite-PaytmSuite" title="PAY.VerifyPostpaidAndPraipadButtonNG" class="method navigator-link" hash-for-method="verifyRechargeModuleTab">verifyRechargeModuleTab</a> <!-- method navigator-link -->
                      </span>
                      <br/>
                      <span>
                        <img src="failed.png" width="3%"/>
                        <a href="#" panel-name="suite-PaytmSuite" title="PAY.VerifyPostpaidAndPraipadButtonNG" class="method navigator-link" hash-for-method="verifyRechargeMudulePrepaiProceeddButton">verifyRechargeMudulePrepaiProceeddButton</a> <!-- method navigator-link -->
                      </span>
                      <br/>
                      <span>
                        <img src="failed.png" width="3%"/>
                        <a href="#" panel-name="suite-PaytmSuite" title="PAY.VerifyPostpaidAndPraipadButtonNG" class="method navigator-link" hash-for-method="verifyRechargeMudulePrepaiProceeddButton">verifyRechargeMudulePrepaiProceeddButton</a> <!-- method navigator-link -->
                      </span>
                      <br/>
                    </div> <!-- method-list-content failed suite-PaytmSuite -->
                  </li>
                </ul>
              </div> <!-- suite-section-content -->
            </div> <!-- result-section -->
          </div> <!-- navigator-suite-content -->
        </div> <!-- rounded-window -->
      </div> <!-- suite -->
    </div> <!-- navigator-root -->
    <div class="wrapper">
      <div class="main-panel-root">
        <div panel-name="suite-PaytmSuite" class="panel PaytmSuite">
          <div class="suite-PaytmSuite-class-failed">
            <div class="main-panel-header rounded-window-top">
              <img src="failed.png"/>
              <span class="class-name">PAY.VerifyPostpaidAndPraipadButtonNG</span>
            </div> <!-- main-panel-header rounded-window-top -->
            <div class="main-panel-content rounded-window-bottom">
              <div class="method">
                <div class="method-content">
                  <a name="verifyRechargeModuleTab">
                  </a> <!-- verifyRechargeModuleTab -->
                  <span class="method-name">verifyRechargeModuleTab</span>
                  <div class="stack-trace">java.lang.AssertionError: expected [https://paytm.com/recharge] but found [https://paytm.com/recharg]
	at PAY.VerifyPostpaidAndPraipadButtonNG.verifyRechargeModuleTab(VerifyPostpaidAndPraipadButtonNG.java:76)
	at java.base/java.util.concurrent.ThreadPoolExecutor.runWorker(ThreadPoolExecutor.java:1136)
	at java.base/java.util.concurrent.ThreadPoolExecutor$Worker.run(ThreadPoolExecutor.java:635)
	at java.base/java.lang.Thread.run(Thread.java:833)
... Removed 18 stack frames
</div> <!-- stack-trace -->
                </div> <!-- method-content -->
              </div> <!-- method -->
              <div class="method">
                <div class="method-content">
                  <a name="verifyRechargeMudulePrepaiProceeddButton">
                  </a> <!-- verifyRechargeMudulePrepaiProceeddButton -->
                  <span class="method-name">verifyRechargeMudulePrepaiProceeddButton</span>
                  <div class="stack-trace">org.openqa.selenium.NoSuchElementException: no such element: Unable to locate element: {&quot;method&quot;:&quot;xpath&quot;,&quot;selector&quot;:&quot;(//div[@class=&apos;_1aEZ&apos;])[1]&quot;}
  (Session info: chrome=102.0.5005.63)
For documentation on this error, please visit: https://www.seleniumhq.org/exceptions/no_such_element.html
Build info: version: &apos;3.141.59&apos;, revision: &apos;e82be7d358&apos;, time: &apos;2018-11-14T08:17:03&apos;
System info: host: &apos;LAPTOP-SPROEP6A&apos;, ip: &apos;192.168.136.174&apos;, os.name: &apos;Windows 11&apos;, os.arch: &apos;amd64&apos;, os.version: &apos;10.0&apos;, java.version: &apos;17.0.2&apos;
Driver info: org.openqa.selenium.chrome.ChromeDriver
Capabilities {acceptInsecureCerts: false, browserName: chrome, browserVersion: 102.0.5005.63, chrome: {chromedriverVersion: 101.0.4951.41 (93c720db8323..., userDataDir: C:\Users\91775\AppData\Loca...}, goog:chromeOptions: {debuggerAddress: localhost:56906}, javascriptEnabled: true, networkConnectionEnabled: false, pageLoadStrategy: normal, platform: WINDOWS, platformName: WINDOWS, proxy: Proxy(), setWindowRect: true, strictFileInteractability: false, timeouts: {implicit: 0, pageLoad: 300000, script: 30000}, unhandledPromptBehavior: dismiss and notify, webauthn:extension:credBlob: true, webauthn:extension:largeBlob: true, webauthn:virtualAuthenticators: true}
Session ID: 3711b389fa2da9a5b4421a4161578864
*** Element info: {Using=xpath, value=(//div[@class=&apos;_1aEZ&apos;])[1]}
	at org.openqa.selenium.remote.http.W3CHttpResponseCodec.createException(W3CHttpResponseCodec.java:187)
	at org.openqa.selenium.remote.http.W3CHttpResponseCodec.decode(W3CHttpResponseCodec.java:122)
	at org.openqa.selenium.remote.http.W3CHttpResponseCodec.decode(W3CHttpResponseCodec.java:49)
	at org.openqa.selenium.remote.HttpCommandExecutor.execute(HttpCommandExecutor.java:158)
	at org.openqa.selenium.remote.service.DriverCommandExecutor.execute(DriverCommandExecutor.java:83)
	at org.openqa.selenium.remote.RemoteWebDriver.execute(RemoteWebDriver.java:552)
	at org.openqa.selenium.remote.RemoteWebDriver.findElement(RemoteWebDriver.java:323)
	at org.openqa.selenium.remote.RemoteWebDriver.findElementByXPath(RemoteWebDriver.java:428)
	at org.openqa.selenium.By$ByXPath.findElement(By.java:353)
	at org.openqa.selenium.remote.RemoteWebDriver.findElement(RemoteWebDriver.java:315)
	at org.openqa.selenium.support.pagefactory.DefaultElementLocator.findElement(DefaultElementLocator.java:69)
	at org.openqa.selenium.support.pagefactory.internal.LocatingElementHandler.invoke(LocatingElementHandler.java:38)
	at jdk.proxy2/jdk.proxy2.$Proxy17.click(Unknown Source)
	at pompaytm.MobileRechargePage.rechargemoduleprepaid(MobileRechargePage.java:42)
	at PAY.VerifyPostpaidAndPraipadButtonNG.verifyRechargeMudulePrepaiProceeddButton(VerifyPostpaidAndPraipadButtonNG.java:102)
	at java.base/java.util.concurrent.ThreadPoolExecutor.runWorker(ThreadPoolExecutor.java:1136)
	at java.base/java.util.concurrent.ThreadPoolExecutor$Worker.run(ThreadPoolExecutor.java:635)
	at java.base/java.lang.Thread.run(Thread.java:833)
... Removed 17 stack frames
</div> <!-- stack-trace -->
                </div> <!-- method-content -->
              </div> <!-- method -->
              <div class="method">
                <div class="method-content">
                  <a name="verifyRechargeMudulePrepaiProceeddButton">
                  </a> <!-- verifyRechargeMudulePrepaiProceeddButton -->
                  <span class="method-name">verifyRechargeMudulePrepaiProceeddButton</span>
                  <div class="stack-trace">org.openqa.selenium.NoSuchElementException: no such element: Unable to locate element: {&quot;method&quot;:&quot;xpath&quot;,&quot;selector&quot;:&quot;(//div[@class=&apos;_1aEZ&apos;])[1]&quot;}
  (Session info: chrome=102.0.5005.63)
For documentation on this error, please visit: https://www.seleniumhq.org/exceptions/no_such_element.html
Build info: version: &apos;3.141.59&apos;, revision: &apos;e82be7d358&apos;, time: &apos;2018-11-14T08:17:03&apos;
System info: host: &apos;LAPTOP-SPROEP6A&apos;, ip: &apos;192.168.136.174&apos;, os.name: &apos;Windows 11&apos;, os.arch: &apos;amd64&apos;, os.version: &apos;10.0&apos;, java.version: &apos;17.0.2&apos;
Driver info: org.openqa.selenium.chrome.ChromeDriver
Capabilities {acceptInsecureCerts: false, browserName: chrome, browserVersion: 102.0.5005.63, chrome: {chromedriverVersion: 101.0.4951.41 (93c720db8323..., userDataDir: C:\Users\91775\AppData\Loca...}, goog:chromeOptions: {debuggerAddress: localhost:56906}, javascriptEnabled: true, networkConnectionEnabled: false, pageLoadStrategy: normal, platform: WINDOWS, platformName: WINDOWS, proxy: Proxy(), setWindowRect: true, strictFileInteractability: false, timeouts: {implicit: 0, pageLoad: 300000, script: 30000}, unhandledPromptBehavior: dismiss and notify, webauthn:extension:credBlob: true, webauthn:extension:largeBlob: true, webauthn:virtualAuthenticators: true}
Session ID: 3711b389fa2da9a5b4421a4161578864
*** Element info: {Using=xpath, value=(//div[@class=&apos;_1aEZ&apos;])[1]}
	at org.openqa.selenium.remote.http.W3CHttpResponseCodec.createException(W3CHttpResponseCodec.java:187)
	at org.openqa.selenium.remote.http.W3CHttpResponseCodec.decode(W3CHttpResponseCodec.java:122)
	at org.openqa.selenium.remote.http.W3CHttpResponseCodec.decode(W3CHttpResponseCodec.java:49)
	at org.openqa.selenium.remote.HttpCommandExecutor.execute(HttpCommandExecutor.java:158)
	at org.openqa.selenium.remote.service.DriverCommandExecutor.execute(DriverCommandExecutor.java:83)
	at org.openqa.selenium.remote.RemoteWebDriver.execute(RemoteWebDriver.java:552)
	at org.openqa.selenium.remote.RemoteWebDriver.findElement(RemoteWebDriver.java:323)
	at org.openqa.selenium.remote.RemoteWebDriver.findElementByXPath(RemoteWebDriver.java:428)
	at org.openqa.selenium.By$ByXPath.findElement(By.java:353)
	at org.openqa.selenium.remote.RemoteWebDriver.findElement(RemoteWebDriver.java:315)
	at org.openqa.selenium.support.pagefactory.DefaultElementLocator.findElement(DefaultElementLocator.java:69)
	at org.openqa.selenium.support.pagefactory.internal.LocatingElementHandler.invoke(LocatingElementHandler.java:38)
	at jdk.proxy2/jdk.proxy2.$Proxy17.click(Unknown Source)
	at pompaytm.MobileRechargePage.rechargemoduleprepaid(MobileRechargePage.java:42)
	at PAY.VerifyPostpaidAndPraipadButtonNG.verifyRechargeMudulePrepaiProceeddButton(VerifyPostpaidAndPraipadButtonNG.java:102)
	at java.base/java.util.concurrent.ThreadPoolExecutor.runWorker(ThreadPoolExecutor.java:1136)
	at java.base/java.util.concurrent.ThreadPoolExecutor$Worker.run(ThreadPoolExecutor.java:635)
	at java.base/java.lang.Thread.run(Thread.java:833)
... Removed 17 stack frames
</div> <!-- stack-trace -->
                </div> <!-- method-content -->
              </div> <!-- method -->
            </div> <!-- main-panel-content rounded-window-bottom -->
          </div> <!-- suite-PaytmSuite-class-failed -->
        </div> <!-- panel PaytmSuite -->
        <div panel-name="test-xml-PaytmSuite" class="panel">
          <div class="main-panel-header rounded-window-top">
            <span class="header-content">C:\Users\91775\eclipse-workspace\PAYTM\Paytmtestng.xml</span>
          </div> <!-- main-panel-header rounded-window-top -->
          <div class="main-panel-content rounded-window-bottom">
            <pre>
&lt;?xml version=&quot;1.0&quot; encoding=&quot;UTF-8&quot;?&gt;
&lt;!DOCTYPE suite SYSTEM &quot;https://testng.org/testng-1.0.dtd&quot;&gt;
&lt;suite thread-count=&quot;2&quot; parallel=&quot;classes&quot; name=&quot;PaytmSuite&quot; guice-stage=&quot;DEVELOPMENT&quot;&gt;
  &lt;test thread-count=&quot;2&quot; parallel=&quot;classes&quot; name=&quot;Chrome&quot;&gt;
    &lt;parameter name=&quot;browserName&quot; value=&quot;Chrome&quot;/&gt;
    &lt;classes&gt;
      &lt;class name=&quot;PAY.VerifyPostpaidAndPraipadButtonNG&quot;/&gt;
    &lt;/classes&gt;
  &lt;/test&gt; &lt;!-- Chrome --&gt;
&lt;/suite&gt; &lt;!-- PaytmSuite --&gt;
            </pre>
          </div> <!-- main-panel-content rounded-window-bottom -->
        </div> <!-- panel -->
        <div panel-name="testlist-PaytmSuite" class="panel">
          <div class="main-panel-header rounded-window-top">
            <span class="header-content">Tests for PaytmSuite</span>
          </div> <!-- main-panel-header rounded-window-top -->
          <div class="main-panel-content rounded-window-bottom">
            <ul>
              <li>
                <span class="test-name">Chrome (1 class)</span>
              </li>
            </ul>
          </div> <!-- main-panel-content rounded-window-bottom -->
        </div> <!-- panel -->
        <div panel-name="group-PaytmSuite" class="panel">
          <div class="main-panel-header rounded-window-top">
            <span class="header-content">Groups for PaytmSuite</span>
          </div> <!-- main-panel-header rounded-window-top -->
          <div class="main-panel-content rounded-window-bottom">
          </div> <!-- main-panel-content rounded-window-bottom -->
        </div> <!-- panel -->
        <div panel-name="times-PaytmSuite" class="panel">
          <div class="main-panel-header rounded-window-top">
            <span class="header-content">Times for PaytmSuite</span>
          </div> <!-- main-panel-header rounded-window-top -->
          <div class="main-panel-content rounded-window-bottom">
            <div class="times-div">
              <script type="text/javascript">
suiteTableInitFunctions.push('tableData_PaytmSuite');
function tableData_PaytmSuite() {
var data = new google.visualization.DataTable();
data.addColumn('number', 'Number');
data.addColumn('string', 'Method');
data.addColumn('string', 'Class');
data.addColumn('number', 'Time (ms)');
data.addRows(3);
data.setCell(0, 0, 0)
data.setCell(0, 1, 'verifyRechargeMudulePrepaiProceeddButton')
data.setCell(0, 2, 'PAY.VerifyPostpaidAndPraipadButtonNG')
data.setCell(0, 3, 8527);
data.setCell(1, 0, 1)
data.setCell(1, 1, 'verifyRechargeMudulePrepaiProceeddButton')
data.setCell(1, 2, 'PAY.VerifyPostpaidAndPraipadButtonNG')
data.setCell(1, 3, 7917);
data.setCell(2, 0, 2)
data.setCell(2, 1, 'verifyRechargeModuleTab')
data.setCell(2, 2, 'PAY.VerifyPostpaidAndPraipadButtonNG')
data.setCell(2, 3, 3455);
window.suiteTableData['PaytmSuite']= { tableData: data, tableDiv: 'times-div-PaytmSuite'}
return data;
}
              </script>
              <span class="suite-total-time">Total running time: 19 seconds</span>
              <div id="times-div-PaytmSuite">
              </div> <!-- times-div-PaytmSuite -->
            </div> <!-- times-div -->
          </div> <!-- main-panel-content rounded-window-bottom -->
        </div> <!-- panel -->
        <div panel-name="reporter-PaytmSuite" class="panel">
          <div class="main-panel-header rounded-window-top">
            <span class="header-content">Reporter output for PaytmSuite</span>
          </div> <!-- main-panel-header rounded-window-top -->
          <div class="main-panel-content rounded-window-bottom">
          </div> <!-- main-panel-content rounded-window-bottom -->
        </div> <!-- panel -->
        <div panel-name="ignored-methods-PaytmSuite" class="panel">
          <div class="main-panel-header rounded-window-top">
            <span class="header-content">0 ignored methods</span>
          </div> <!-- main-panel-header rounded-window-top -->
          <div class="main-panel-content rounded-window-bottom">
          </div> <!-- main-panel-content rounded-window-bottom -->
        </div> <!-- panel -->
        <div panel-name="chronological-PaytmSuite" class="panel">
          <div class="main-panel-header rounded-window-top">
            <span class="header-content">Methods in chronological order</span>
          </div> <!-- main-panel-header rounded-window-top -->
          <div class="main-panel-content rounded-window-bottom">
            <div class="chronological-class">
              <div class="chronological-class-name">PAY.VerifyPostpaidAndPraipadButtonNG</div> <!-- chronological-class-name -->
              <div class="configuration-test before">
                <span class="method-name">launchBrowser(Chrome)</span>
                <span class="method-start">0 ms</span>
              </div> <!-- configuration-test before -->
              <div class="configuration-class before">
                <span class="method-name">objectOfPomClasses</span>
                <span class="method-start">1477 ms</span>
              </div> <!-- configuration-class before -->
              <div class="configuration-method before">
                <span class="method-name">ClickOnApplication</span>
                <span class="method-start">1504 ms</span>
              </div> <!-- configuration-method before -->
              <div class="test-method">
                <img src="failed.png">
                </img>
                <span class="method-name">verifyRechargeModuleTab</span>
                <span class="method-start">7194 ms</span>
              </div> <!-- test-method -->
              <div class="configuration-method after">
                <span class="method-name">logOutFromApplication([TestResult name=verifyRechargeModuleTab status=FAILURE method=VerifyPostpaidAndPraipadButtonNG.veri...)</span>
                <span class="method-start">10652 ms</span>
              </div> <!-- configuration-method after -->
              <div class="configuration-method before">
                <span class="method-name">ClickOnApplication</span>
                <span class="method-start">11839 ms</span>
              </div> <!-- configuration-method before -->
              <div class="test-method">
                <img src="failed.png">
                </img>
                <span class="method-name">verifyRechargeMudulePrepaiProceeddButton</span>
                <span class="method-start">14597 ms</span>
              </div> <!-- test-method -->
              <div class="configuration-method after">
                <span class="method-name">logOutFromApplication([TestResult name=verifyRechargeMudulePrepaiProceeddButton status=FAILURE method=VerifyPostpaidAndPra...)</span>
                <span class="method-start">23126 ms</span>
              </div> <!-- configuration-method after -->
              <div class="configuration-method before">
                <span class="method-name">ClickOnApplication</span>
                <span class="method-start">24305 ms</span>
              </div> <!-- configuration-method before -->
              <div class="test-method">
                <img src="failed.png">
                </img>
                <span class="method-name">verifyRechargeMudulePrepaiProceeddButton</span>
                <span class="method-start">27211 ms</span>
              </div> <!-- test-method -->
              <div class="configuration-method after">
                <span class="method-name">logOutFromApplication([TestResult name=verifyRechargeMudulePrepaiProceeddButton status=FAILURE method=VerifyPostpaidAndPra...)</span>
                <span class="method-start">35129 ms</span>
              </div> <!-- configuration-method after -->
              <div class="configuration-class after">
                <span class="method-name">browserClose</span>
                <span class="method-start">36288 ms</span>
              </div> <!-- configuration-class after -->
              <div class="configuration-test after">
                <span class="method-name">closeBrowser</span>
                <span class="method-start">36289 ms</span>
              </div> <!-- configuration-test after -->
          </div> <!-- main-panel-content rounded-window-bottom -->
        </div> <!-- panel -->
      </div> <!-- main-panel-root -->
    </div> <!-- wrapper -->
  </body>
<script type="text/javascript" src="testng-reports2.js"></script>
</html>
