<?xml version="1.0" encoding="UTF-8"?>
<!-- Generated by org.testng.reporters.JUnitXMLReporter -->
<testsuite ignored="0" hostname="LAPTOP-SPROEP6A" failures="0" tests="3" name="Ege" time="0.112" errors="0" timestamp="2022-05-28T18:29:00 IST">
  <testcase classname="PAY.VerifyPostpaidAndPraipadButtonNG" name="@BeforeTest launchBrowser" time="0.051">
    <failure type="java.lang.IllegalStateException" message="The driver executable does not exist: C:\Users\91775\Desktop\Test notes\Selenium\msedgedriver.exe">
      <![CDATA[java.lang.IllegalStateException: The driver executable does not exist: C:\Users\91775\Desktop\Test notes\Selenium\msedgedriver.exe
at com.google.common.base.Preconditions.checkState(Preconditions.java:585)
at org.openqa.selenium.remote.service.DriverService.checkExecutable(DriverService.java:146)
at org.openqa.selenium.remote.service.DriverService.findExecutable(DriverService.java:141)
at org.openqa.selenium.edge.EdgeDriverService.access$000(EdgeDriverService.java:37)
at org.openqa.selenium.edge.EdgeDriverService$Builder.findDefaultExecutable(EdgeDriverService.java:90)
at org.openqa.selenium.remote.service.DriverService$Builder.build(DriverService.java:355)
at org.openqa.selenium.edge.EdgeDriverService.createDefaultService(EdgeDriverService.java:70)
at org.openqa.selenium.edge.EdgeDriver.<init>(EdgeDriver.java:96)
at broswer.Base.openMicrosoftEdge(Base.java:18)
at PAY.VerifyPostpaidAndPraipadButtonNG.launchBrowser(VerifyPostpaidAndPraipadButtonNG.java:46)
... Removed 24 stack frames]]>
    </failure>
  </testcase> <!-- @BeforeTest launchBrowser -->
  <testcase classname="PAY.VerifyPostpaidAndPraipadButtonNG" name="@BeforeClass objectOfPomClasses" time="-1.653742740513E9">
    <skipped/>
  </testcase> <!-- @BeforeClass objectOfPomClasses -->
  <testcase classname="PAY.VerifyPostpaidAndPraipadButtonNG" name="@BeforeMethod ClickOnApplication" time="-1.653742740522E9">
    <skipped/>
  </testcase> <!-- @BeforeMethod ClickOnApplication -->
  <testcase classname="PAY.VerifyPostpaidAndPraipadButtonNG" name="@AfterMethod logOutFromApplication" time="-1.653742740529E9">
    <skipped/>
  </testcase> <!-- @AfterMethod logOutFromApplication -->
  <testcase classname="PAY.VerifyPostpaidAndPraipadButtonNG" name="@BeforeMethod ClickOnApplication" time="-1.653742740531E9">
    <skipped/>
  </testcase> <!-- @BeforeMethod ClickOnApplication -->
  <testcase classname="PAY.VerifyPostpaidAndPraipadButtonNG" name="@AfterMethod logOutFromApplication" time="-1.653742740536E9">
    <skipped/>
  </testcase> <!-- @AfterMethod logOutFromApplication -->
  <testcase classname="PAY.VerifyPostpaidAndPraipadButtonNG" name="@BeforeMethod ClickOnApplication" time="-1.653742740537E9">
    <skipped/>
  </testcase> <!-- @BeforeMethod ClickOnApplication -->
  <testcase classname="PAY.VerifyPostpaidAndPraipadButtonNG" name="@AfterMethod logOutFromApplication" time="-1.65374274054E9">
    <skipped/>
  </testcase> <!-- @AfterMethod logOutFromApplication -->
  <testcase classname="PAY.VerifyPostpaidAndPraipadButtonNG" name="@AfterClass browserClose" time="-1.653742740542E9">
    <skipped/>
  </testcase> <!-- @AfterClass browserClose -->
  <testcase classname="PAY.VerifyPostpaidAndPraipadButtonNG" name="@AfterTest closeBrowser" time="-1.653742740543E9">
    <skipped/>
  </testcase> <!-- @AfterTest closeBrowser -->
  <testcase classname="PAY.VerifyPostpaidAndPraipadButtonNG" name="verifyRechargeModuleTab" time="0.0">
    <skipped/>
  </testcase> <!-- verifyRechargeModuleTab -->
  <testcase classname="PAY.VerifyPostpaidAndPraipadButtonNG" name="verifyRechargeMudulePrepaiProceeddButton" time="0.0">
    <skipped/>
  </testcase> <!-- verifyRechargeMudulePrepaiProceeddButton -->
  <testcase classname="PAY.VerifyPostpaidAndPraipadButtonNG" name="verifyRechargeMudulePrepaiProceeddButton" time="0.0">
    <skipped/>
  </testcase> <!-- verifyRechargeMudulePrepaiProceeddButton -->
</testsuite> <!-- Ege -->
