<?xml version="1.0" encoding="UTF-8"?>
<!-- Generated by org.testng.reporters.JUnitXMLReporter -->
<testsuite ignored="0" hostname="LAPTOP-SPROEP6A" failures="0" tests="2" name="Default test" time="0.082" errors="0" timestamp="2022-05-27T11:51:01 IST">
  <testcase classname="PAY.VerifyPostpaidAndPraipadButtonNG" name="@BeforeTest launchBrowser" time="-1.653632461452E9">
    <failure type="org.testng.TestNGException" message="
Parameter &amp;apos;browserName&amp;apos; is required by BeforeTest on method launchBrowser but has not been marked @Optional or defined
in C:\Users\91775\AppData\Local\Temp\testng-eclipse-790431665\testng-customsuite.xml">
      <![CDATA[org.testng.TestNGException: 
Parameter 'browserName' is required by BeforeTest on method launchBrowser but has not been marked @Optional or defined
in C:\Users\91775\AppData\Local\Temp\testng-eclipse-790431665\testng-customsuite.xml
at org.testng.internal.Parameters.createParams(Parameters.java:270)
at org.testng.internal.Parameters.createParametersForMethod(Parameters.java:358)
at org.testng.internal.Parameters.createParameters(Parameters.java:700)
at org.testng.internal.Parameters.createConfigurationParameters(Parameters.java:168)
at org.testng.internal.ConfigInvoker.invokeConfigurations(ConfigInvoker.java:302)
at org.testng.TestRunner.invokeTestConfigurations(TestRunner.java:637)
at org.testng.TestRunner.beforeRun(TestRunner.java:627)
at org.testng.TestRunner.run(TestRunner.java:589)
at org.testng.SuiteRunner.runTest(SuiteRunner.java:377)
at org.testng.SuiteRunner.runSequentially(SuiteRunner.java:371)
at org.testng.SuiteRunner.privateRun(SuiteRunner.java:332)
at org.testng.SuiteRunner.run(SuiteRunner.java:276)
at org.testng.SuiteRunnerWorker.runSuite(SuiteRunnerWorker.java:53)
at org.testng.SuiteRunnerWorker.run(SuiteRunnerWorker.java:96)
at org.testng.TestNG.runSuitesSequentially(TestNG.java:1212)
at org.testng.TestNG.runSuitesLocally(TestNG.java:1134)
at org.testng.TestNG.runSuites(TestNG.java:1063)
at org.testng.TestNG.run(TestNG.java:1031)
at org.testng.remote.AbstractRemoteTestNG.run(AbstractRemoteTestNG.java:115)
at org.testng.remote.RemoteTestNG.initAndRun(RemoteTestNG.java:251)
at org.testng.remote.RemoteTestNG.main(RemoteTestNG.java:77)
]]>
    </failure>
  </testcase> <!-- @BeforeTest launchBrowser -->
  <testcase classname="PAY.VerifyPostpaidAndPraipadButtonNG" name="@BeforeClass objectOfPomClasses" time="-1.653632461483E9">
    <skipped/>
  </testcase> <!-- @BeforeClass objectOfPomClasses -->
  <testcase classname="PAY.VerifyPostpaidAndPraipadButtonNG" name="@BeforeMethod ClickOnApplication" time="-1.6536324615E9">
    <skipped/>
  </testcase> <!-- @BeforeMethod ClickOnApplication -->
  <testcase classname="PAY.VerifyPostpaidAndPraipadButtonNG" name="@AfterMethod logOutFromApplication" time="-1.653632461512E9">
    <skipped/>
  </testcase> <!-- @AfterMethod logOutFromApplication -->
  <testcase classname="PAY.VerifyPostpaidAndPraipadButtonNG" name="@BeforeMethod ClickOnApplication" time="-1.653632461515E9">
    <skipped/>
  </testcase> <!-- @BeforeMethod ClickOnApplication -->
  <testcase classname="PAY.VerifyPostpaidAndPraipadButtonNG" name="@AfterMethod logOutFromApplication" time="-1.653632461519E9">
    <skipped/>
  </testcase> <!-- @AfterMethod logOutFromApplication -->
  <testcase classname="PAY.VerifyPostpaidAndPraipadButtonNG" name="@AfterClass browserClose" time="-1.653632461522E9">
    <skipped/>
  </testcase> <!-- @AfterClass browserClose -->
  <testcase classname="PAY.VerifyPostpaidAndPraipadButtonNG" name="@AfterTest closeBrowser" time="-1.653632461527E9">
    <skipped/>
  </testcase> <!-- @AfterTest closeBrowser -->
  <testcase classname="PAY.VerifyPostpaidAndPraipadButtonNG" name="verifyRechargeModuleTab" time="0.0">
    <skipped/>
  </testcase> <!-- verifyRechargeModuleTab -->
  <testcase classname="PAY.VerifyPostpaidAndPraipadButtonNG" name="verifyRechargeMudulePrepaiProceeddButton" time="0.0">
    <skipped/>
  </testcase> <!-- verifyRechargeMudulePrepaiProceeddButton -->
</testsuite> <!-- Default test -->
